This is pdfTeXk, Version 3.141592-1.40.3 (Web2C 7.5.6) (format=latex 2009.6.25)  8 SEP 2011 10:23
entering extended mode
 %&-line parsing enabled.
**\input thesis.tex
(./thesis.tex (./Latex/Classes/PhDthesisPSnPDF.cls
Document Class: Latex/Classes/PhDthesisPSnPDF 2007/09/06 v2 PhD thesis class
(/usr/share/texmf/tex/latex/base/book.cls
Document Class: book 2005/09/16 v1.4f Standard LaTeX document class
(/usr/share/texmf/tex/latex/base/bk11.clo
File: bk11.clo 2005/09/16 v1.4f Standard LaTeX file (size option)
)
\c@part=\count79
\c@chapter=\count80
\c@section=\count81
\c@subsection=\count82
\c@subsubsection=\count83
\c@paragraph=\count84
\c@subparagraph=\count85
\c@figure=\count86
\c@table=\count87
\abovecaptionskip=\skip41
\belowcaptionskip=\skip42
\bibindent=\dimen102
)
(/usr/share/texmf/tex/latex/amsfonts/amssymb.sty
Package: amssymb 2002/01/22 v2.2d

(/usr/share/texmf/tex/latex/amsfonts/amsfonts.sty
Package: amsfonts 2001/10/25 v2.2f
\@emptytoks=\toks14
\symAMSa=\mathgroup4
\symAMSb=\mathgroup5
LaTeX Font Info:    Overwriting math alphabet `\mathfrak' in version `bold'
(Font)                  U/euf/m/n --> U/euf/b/n on input line 132.
))
(/usr/share/texmf/tex/latex/graphics/graphics.sty
Package: graphics 2006/02/20 v1.0o Standard LaTeX Graphics (DPC,SPQR)

(/usr/share/texmf/tex/latex/graphics/trig.sty
Package: trig 1999/03/16 v1.09 sin cos tan (DPC)
)
(/usr/share/texmf/tex/latex/config/graphics.cfg
File: graphics.cfg 2007/01/18 v1.5 graphics configuration of teTeX/TeXLive
)
Package graphics Info: Driver file: dvips.def on input line 90.

(/usr/share/texmf/tex/latex/graphics/dvips.def
File: dvips.def 1999/02/16 v3.0i Driver-dependant file (DPC,SPQR)
))
(/usr/share/texmf/tex/latex/caption/caption.sty
Package: caption 2007/01/07 v3.0k Customising captions (AR)

(/usr/share/texmf/tex/latex/caption/caption3.sty
Package: caption3 2007/01/07 v3.0k caption3 kernel (AR)

(/usr/share/texmf/tex/latex/graphics/keyval.sty
Package: keyval 1999/03/16 v1.13 key=value parser (DPC)
\KV@toks@=\toks15
)
\captionmargin=\dimen103
\captionmarginx=\dimen104
\captionwidth=\dimen105
\captionindent=\dimen106
\captionparindent=\dimen107
\captionhangindent=\dimen108
))
(/usr/share/texmf/tex/latex/fancyhdr/fancyhdr.sty
\fancy@headwidth=\skip43
\f@ncyO@elh=\skip44
\f@ncyO@erh=\skip45
\f@ncyO@olh=\skip46
\f@ncyO@orh=\skip47
\f@ncyO@elf=\skip48
\f@ncyO@erf=\skip49
\f@ncyO@olf=\skip50
\f@ncyO@orf=\skip51
)
(/usr/share/texmf/tex/latex/amsfonts/eucal.sty
Package: eucal 2001/10/01 v2.2d Euler Script fonts
LaTeX Font Info:    Overwriting math alphabet `\EuScript' in version `bold'
(Font)                  U/eus/m/n --> U/eus/b/n on input line 55.
)
(/usr/share/texmf/tex/generic/babel/babel.sty
Package: babel 2005/11/23 v3.8h The Babel package

(/usr/share/texmf/tex/generic/babel/english.ldf
Language: english 2005/03/30 v3.3o English support from the babel system

(/usr/share/texmf/tex/generic/babel/babel.def
File: babel.def 2005/11/23 v3.8h Babel common definitions
\babel@savecnt=\count88
\U@D=\dimen109
)
\l@british = a dialect from \language\l@english 
\l@UKenglish = a dialect from \language\l@english 
\l@canadian = a dialect from \language\l@american 
\l@australian = a dialect from \language\l@british 
\l@newzealand = a dialect from \language\l@british 
))
(/usr/share/texmf/tex/latex/graphics/color.sty
Package: color 2005/11/14 v1.0j Standard LaTeX Color (DPC)

(/usr/share/texmf/tex/latex/config/color.cfg
File: color.cfg 2007/01/18 v1.5 color configuration of teTeX/TeXLive
)
Package color Info: Driver file: dvips.def on input line 130.

(/usr/share/texmf/tex/latex/graphics/dvipsnam.def
File: dvipsnam.def 1999/02/16 v3.0i Driver-dependant file (DPC,SPQR)
))
(/usr/share/texmf/tex/latex/footmisc/footmisc.sty
Package: footmisc 2005/03/17 v5.3d a miscellany of footnote facilities
\FN@temptoken=\toks16
\footnotemargin=\dimen110
\c@pp@next@reset=\count89
\c@@fnserial=\count90
Package footmisc Info: Declaring symbol style bringhurst on input line 817.
Package footmisc Info: Declaring symbol style chicago on input line 818.
Package footmisc Info: Declaring symbol style wiley on input line 819.
Package footmisc Info: Declaring symbol style lamport-robust on input line 823.

Package footmisc Info: Declaring symbol style lamport* on input line 831.
Package footmisc Info: Declaring symbol style lamport*-robust on input line 840
.
)
(/usr/share/texmf/tex/latex/natbib/natbib.sty
Package: natbib 2007/02/05 8.0 (PWD)
\bibhang=\skip52
\bibsep=\skip53
LaTeX Info: Redefining \cite on input line 602.
\c@NAT@ctr=\count91
)
(/usr/share/texmf/tex/latex/base/ifthen.sty
Package: ifthen 2001/05/26 v1.1c Standard LaTeX ifthen package (DPC)
)
(/usr/share/texmf/tex/latex/tools/multicol.sty
Package: multicol 2006/05/18 v1.6g multicolumn formatting (FMi)
\c@tracingmulticols=\count92
\mult@box=\box26
\multicol@leftmargin=\dimen111
\c@unbalance=\count93
\c@collectmore=\count94
\doublecol@number=\count95
\multicoltolerance=\count96
\multicolpretolerance=\count97
\full@width=\dimen112
\page@free=\dimen113
\premulticols=\dimen114
\postmulticols=\dimen115
\multicolsep=\skip54
\multicolbaselineskip=\skip55
\partial@page=\box27
\last@line=\box28
\mult@rightbox=\box29
\mult@grightbox=\box30
\mult@gfirstbox=\box31
\mult@firstbox=\box32
\@tempa=\box33
\@tempa=\box34
\@tempa=\box35
\@tempa=\box36
\@tempa=\box37
\@tempa=\box38
\@tempa=\box39
\@tempa=\box40
\@tempa=\box41
\@tempa=\box42
\@tempa=\box43
\@tempa=\box44
\@tempa=\box45
\@tempa=\box46
\@tempa=\box47
\@tempa=\box48
\@tempa=\box49
\c@columnbadness=\count98
\c@finalcolumnbadness=\count99
\last@try=\dimen116
\multicolovershoot=\dimen117
\multicolundershoot=\dimen118
\mult@nat@firstbox=\box50
\colbreak@box=\box51
)
(/usr/share/texmf/tex/latex/tocbibind/tocbibind.sty
Package: tocbibind 2003/03/13 v1.5g extra ToC listings


Package tocbibind Note: The document has chapter divisions.


Package tocbibind Note: Using chapter style headings, unless overridden.

) (/usr/share/texmf/tex/latex/nomencl/nomencl.sty
Package: nomencl 2005/09/22 v4.2 Nomenclature package (LN)
\nomlabelwidth=\dimen119
\nom@tempdim=\dimen120
\nomitemsep=\skip56
)
\@nomenclaturefile=\write3
\openout3 = `thesis.nlo'.


Writing nomenclature file thesis.nlo
(/usr/share/texmf/tex/generic/oberdiek/ifpdf.sty
Package: ifpdf 2006/02/20 v1.4 Provides the ifpdf switch (HO)
Package ifpdf Info: pdfTeX in pdf mode not detected.
)
(/usr/share/texmf/tex/latex/hyperref/hyperref.sty
Package: hyperref 2007/02/07 v6.75r Hypertext links for LaTeX
\@linkdim=\dimen121
\Hy@linkcounter=\count100
\Hy@pagecounter=\count101

(/usr/share/texmf/tex/latex/hyperref/pd1enc.def
File: pd1enc.def 2007/02/07 v6.75r Hyperref: PDFDocEncoding definition (HO)
)
(/usr/share/texmf/tex/latex/config/hyperref.cfg
File: hyperref.cfg 2002/06/06 v1.2 hyperref configuration of TeXLive
)
(/usr/share/texmf/tex/latex/oberdiek/kvoptions.sty
Package: kvoptions 2006/08/22 v2.4 Connects package keyval with LaTeX options (
HO)
)
Package hyperref Info: Option `bookmarks' set `true' on input line 2238.
Package hyperref Info: Option `bookmarksopen' set `true' on input line 2238.
Package hyperref Info: Option `bookmarksnumbered' set `true' on input line 2238
.
Package hyperref Info: Option `breaklinks' set `true' on input line 2238.
Package hyperref Info: Option `linktocpage' set `true' on input line 2238.
Package hyperref Info: Option `colorlinks' set `true' on input line 2238.
Package hyperref Info: Option `hyperindex' set `true' on input line 2238.
Package hyperref Info: Option `hyperfigures' set `true' on input line 2238.
Package hyperref Info: Hyper figures ON on input line 2286.
Package hyperref Info: Link nesting OFF on input line 2293.
Package hyperref Info: Hyper index ON on input line 2296.
Package hyperref Info: Plain pages OFF on input line 2303.
Package hyperref Info: Backreferencing ON on input line 2306.

Implicit mode ON; LaTeX internals redefined
Package hyperref Info: Bookmarks ON on input line 2444.
(/usr/share/texmf/tex/latex/hyperref/backref.sty
Package: backref 2006/10/06 v1.27 Bibliographical back referencing
)
(/usr/share/texmf/tex/latex/ltxmisc/url.sty
\Urlmuskip=\muskip10
Package: url 2005/06/27  ver 3.2  Verb mode for urls, etc.
)
LaTeX Info: Redefining \url on input line 2599.
\Fld@menulength=\count102
\Field@Width=\dimen122
\Fld@charsize=\dimen123
\Choice@toks=\toks17
\Field@toks=\toks18
Package hyperref Info: Hyper figures ON on input line 3100.
Package hyperref Info: Link nesting OFF on input line 3107.
Package hyperref Info: Hyper index ON on input line 3110.
Package hyperref Info: backreferencing ON on input line 3115.
Package hyperref Info: Link coloring ON on input line 3120.
\Hy@abspage=\count103
\c@Item=\count104
\c@Hfootnote=\count105
)
*hyperref using driver hdvips*
(/usr/share/texmf/tex/latex/hyperref/hdvips.def
File: hdvips.def 2007/02/07 v6.75r Hyperref driver for dvips

(/usr/share/texmf/tex/latex/hyperref/pdfmark.def
File: pdfmark.def 2007/02/07 v6.75r Hyperref definitions for pdfmark specials
\pdf@docset=\toks19
\pdf@box=\box52
\pdf@toks=\toks20
\pdf@defaulttoks=\toks21
\Fld@listcount=\count106
))
(/usr/share/texmf/tex/latex/graphics/epsfig.sty
Package: epsfig 1999/02/16 v1.7a (e)psfig emulation (SPQR)

(/usr/share/texmf/tex/latex/graphics/graphicx.sty
Package: graphicx 1999/02/16 v1.0f Enhanced LaTeX Graphics (DPC,SPQR)
\Gin@req@height=\dimen124
\Gin@req@width=\dimen125
)
\epsfxsize=\dimen126
\epsfysize=\dimen127
))
\@input{Latex/Macros/MacroFile1.aux}
\openout2 = `Latex/Macros/MacroFile1.aux'.

(./Latex/Macros/MacroFile1.tex)

LaTeX Warning: Unused global option(s):
    [pdftex].

(./thesis.aux (./0_frontmatter/abstract.aux) (./0_frontmatter/dedication.aux)
(./0_frontmatter/acknowledgement.aux) (./0_frontmatter/glossary.aux)
(./1_introduction/introduction.aux

LaTeX Warning: Label `largepotato' multiply defined.

) (./2/aims.aux) (./3/XYZ.aux) (./4/XYZ.aux) (./5/XYZ.aux) (./6/XYZ.aux)
(./7/discussion.aux) (./8/materials_methods.aux)
(./9_backmatter/declaration.aux))
\openout1 = `thesis.aux'.

LaTeX Font Info:    Checking defaults for OML/cmm/m/it on input line 92.
LaTeX Font Info:    ... okay on input line 92.
LaTeX Font Info:    Checking defaults for T1/cmr/m/n on input line 92.
LaTeX Font Info:    ... okay on input line 92.
LaTeX Font Info:    Checking defaults for OT1/cmr/m/n on input line 92.
LaTeX Font Info:    ... okay on input line 92.
LaTeX Font Info:    Checking defaults for OMS/cmsy/m/n on input line 92.
LaTeX Font Info:    ... okay on input line 92.
LaTeX Font Info:    Checking defaults for OMX/cmex/m/n on input line 92.
LaTeX Font Info:    ... okay on input line 92.
LaTeX Font Info:    Checking defaults for U/cmr/m/n on input line 92.
LaTeX Font Info:    ... okay on input line 92.
LaTeX Font Info:    Checking defaults for PD1/pdf/m/n on input line 92.
LaTeX Font Info:    ... okay on input line 92.

(/usr/share/texmf/tex/latex/ragged2e/ragged2e.sty
Package: ragged2e 2003/03/25 v2.04 ragged2e Package (MS)

(/usr/share/texmf/tex/latex/everysel/everysel.sty
Package: everysel 1999/06/08 v1.03 EverySelectfont Package (MS)
LaTeX Info: Redefining \selectfont on input line 125.
)
\CenteringLeftskip=\skip57
\RaggedLeftLeftskip=\skip58
\RaggedRightLeftskip=\skip59
\CenteringRightskip=\skip60
\RaggedLeftRightskip=\skip61
\RaggedRightRightskip=\skip62
\CenteringParfillskip=\skip63
\RaggedLeftParfillskip=\skip64
\RaggedRightParfillskip=\skip65
\JustifyingParfillskip=\skip66
\CenteringParindent=\skip67
\RaggedLeftParindent=\skip68
\RaggedRightParindent=\skip69
\JustifyingParindent=\skip70
)
Package caption Info: hyperref package v6.74m (or newer) detected on input line
 92.
Package hyperref Info: Link coloring ON on input line 92.

(/usr/share/texmf/tex/latex/hyperref/nameref.sty
Package: nameref 2006/12/27 v2.28 Cross-referencing by name of section

(/usr/share/texmf/tex/latex/oberdiek/refcount.sty
Package: refcount 2006/02/20 v3.0 Data extraction from references (HO)
)
\c@section@level=\count107
)
LaTeX Info: Redefining \ref on input line 92.
LaTeX Info: Redefining \pageref on input line 92.
 (./thesis.out)
(./thesis.out)
\@outlinefile=\write4
\openout4 = `thesis.out'.

Package backref Info: ** backref set up for natbib ** on input line 92.


Package hyperref Warning: Rerun to get /PageLabels entry.

File: 0_frontmatter/figures/logo.eps Graphic file (type eps)
<0_frontmatter/figures/logo.eps>
Underfull \vbox (badness 10000) has occurred while \output is active []

 [1



\FN@pp@footnotehinttrue 

] [2] [3]
\openout2 = `0_frontmatter/abstract.aux'.

 (./0_frontmatter/abstract.tex [4

])
\openout2 = `0_frontmatter/dedication.aux'.

 (./0_frontmatter/dedication.tex
[1



])
\openout2 = `0_frontmatter/acknowledgement.aux'.

 (./0_frontmatter/acknowledgement.tex [2


]) (./thesis.toc
LaTeX Font Info:    Try loading font information for U+msa on input line 6.

(/usr/share/texmf/tex/latex/amsfonts/umsa.fd
File: umsa.fd 2002/01/19 v2.2g AMS font definitions
)
LaTeX Font Info:    Try loading font information for U+msb on input line 6.

(/usr/share/texmf/tex/latex/amsfonts/umsb.fd
File: umsb.fd 2002/01/19 v2.2g AMS font definitions
))
\tf@toc=\write5
\openout5 = `thesis.toc'.

 [3
\FN@pp@footnotehinttrue 


] [4

] (./thesis.lof)
\tf@lof=\write6
\openout6 = `thesis.lof'.

 [5] [6

] (./thesis.lot)
\tf@lot=\write7
\openout7 = `thesis.lot'.

 [7]
\openout2 = `0_frontmatter/glossary.aux'.

 (./0_frontmatter/glossary.tex)
(./thesis.nls [8


\FN@pp@footnotehinttrue 


]
Underfull \hbox (badness 10000) detected at line 5
[]\OT1/cmr/bx/n/9 DAPI[]
 []


Underfull \hbox (badness 10000) detected at line 7
[]\OT1/cmr/bx/n/9 DEPC[]
 []


Underfull \hbox (badness 10000) in paragraph at lines 7--9
[]\OT1/cmr/m/n/9 diethyl-pyro-carbonate; used to
 []


Underfull \hbox (badness 10000) in paragraph at lines 7--9
\OT1/cmr/m/n/9 re-move RNA-degrading en-zymes
 []


Underfull \hbox (badness 10000) detected at line 9
[]\OT1/cmr/bx/n/9 DMSO[]
 []


Underfull \hbox (badness 10000) detected at line 11
[]\OT1/cmr/bx/n/9 EDTA[]
 []


Underfull \hbox (badness 10000) in paragraph at lines 11--13
[]\OT1/cmr/m/n/9 Ethylene-diamine-tetraacetic acid;
 []

) [9] [10

]
\openout2 = `1_introduction/introduction.aux'.

 (./1_introduction/introduction.tex
 1.
File: 1_introduction/figures/largepotato.eps Graphic file (type eps)
<1_introduction/figures/largepotato.eps>

LaTeX Warning: Float too large for page by 35.91594pt on input line 78.

File: 1_introduction/figures/largepotato.eps Graphic file (type eps)
<1_introduction/figures/largepotato.eps>
LaTeX Font Info:    Try loading font information for OMS+cmr on input line 103.


(/usr/share/texmf/tex/latex/base/omscmr.fd
File: omscmr.fd 1999/05/25 v2.5h Standard LaTeX font definitions
)
LaTeX Font Info:    Font shape `OMS/cmr/m/n' in size <10.95> not available
(Font)              Font shape `OMS/cmsy/m/n' tried instead on input line 103.
 [1


] [2] [3]) [4]
\openout2 = `2/aims.aux'.

 (./2/aims.tex
 2.
) [5



]
\openout2 = `3/XYZ.aux'.


No file 3/XYZ.tex.
\openout2 = `4/XYZ.aux'.

No file 4/XYZ.tex.
\openout2 = `5/XYZ.aux'.

No file 5/XYZ.tex.
\openout2 = `6/XYZ.aux'.

No file 6/XYZ.tex.
\openout2 = `7/discussion.aux'.

(./7/discussion.tex [6











]
 3.
) [7]
\openout2 = `8/materials_methods.aux'.

 (./8/materials_methods.tex [8



]
 4.
) [9] (./thesis.bbl (./thesis.brf)
\tf@brf=\write8
\openout8 = `thesis.brf'.

 [10


])
Overfull \vbox (80.39989pt too high) has occurred while \output is active []


Overfull \vbox (79.39989pt too high) has occurred while \output is active []


Overfull \vbox (78.39989pt too high) has occurred while \output is active []


Overfull \vbox (77.39989pt too high) has occurred while \output is active []


Overfull \vbox (76.39989pt too high) has occurred while \output is active []


Overfull \vbox (75.39989pt too high) has occurred while \output is active []


Overfull \vbox (74.39989pt too high) has occurred while \output is active []


Overfull \vbox (73.39989pt too high) has occurred while \output is active []


Overfull \vbox (72.39989pt too high) has occurred while \output is active []


Overfull \vbox (71.39989pt too high) has occurred while \output is active []


Overfull \vbox (70.39989pt too high) has occurred while \output is active []


Overfull \vbox (69.39989pt too high) has occurred while \output is active []


Overfull \vbox (68.39989pt too high) has occurred while \output is active []


Overfull \vbox (67.39989pt too high) has occurred while \output is active []


Overfull \vbox (66.39989pt too high) has occurred while \output is active []


Overfull \vbox (65.39989pt too high) has occurred while \output is active []


Overfull \vbox (64.39989pt too high) has occurred while \output is active []


Overfull \vbox (63.39989pt too high) has occurred while \output is active []


Overfull \vbox (62.39989pt too high) has occurred while \output is active []


Overfull \vbox (61.39989pt too high) has occurred while \output is active []


Overfull \vbox (60.39989pt too high) has occurred while \output is active []


Overfull \vbox (59.39989pt too high) has occurred while \output is active []


Overfull \vbox (58.39989pt too high) has occurred while \output is active []


Overfull \vbox (57.39989pt too high) has occurred while \output is active []


Overfull \vbox (56.39989pt too high) has occurred while \output is active []


Overfull \vbox (55.39989pt too high) has occurred while \output is active []


Overfull \vbox (54.39989pt too high) has occurred while \output is active []


Overfull \vbox (53.39989pt too high) has occurred while \output is active []


Overfull \vbox (52.39989pt too high) has occurred while \output is active []


Overfull \vbox (51.39989pt too high) has occurred while \output is active []


Overfull \vbox (50.39989pt too high) has occurred while \output is active []


Overfull \vbox (49.39989pt too high) has occurred while \output is active []


Overfull \vbox (48.39989pt too high) has occurred while \output is active []


Overfull \vbox (47.39989pt too high) has occurred while \output is active []


Overfull \vbox (46.39989pt too high) has occurred while \output is active []


Overfull \vbox (45.39989pt too high) has occurred while \output is active []


Overfull \vbox (44.39989pt too high) has occurred while \output is active []


Overfull \vbox (43.39989pt too high) has occurred while \output is active []


Overfull \vbox (42.39989pt too high) has occurred while \output is active []


Overfull \vbox (41.39989pt too high) has occurred while \output is active []


Overfull \vbox (40.39989pt too high) has occurred while \output is active []


Overfull \vbox (39.39989pt too high) has occurred while \output is active []


Overfull \vbox (38.39989pt too high) has occurred while \output is active []


Overfull \vbox (37.39989pt too high) has occurred while \output is active []


Overfull \vbox (36.39989pt too high) has occurred while \output is active []


[11]
\openout2 = `9_backmatter/declaration.aux'.

 (./9_backmatter/declaration.tex [12

]) (./thesis.aux
(./0_frontmatter/abstract.aux) (./0_frontmatter/dedication.aux)
(./0_frontmatter/acknowledgement.aux) (./0_frontmatter/glossary.aux)
(./1_introduction/introduction.aux) (./2/aims.aux) (./3/XYZ.aux) (./4/XYZ.aux)
(./5/XYZ.aux) (./6/XYZ.aux) (./7/discussion.aux) (./8/materials_methods.aux)
(./9_backmatter/declaration.aux))

LaTeX Warning: There were multiply-defined labels.

 ) 
Here is how much of TeX's memory you used:
 4921 strings out of 256217
 68850 string characters out of 1917095
 135090 words of memory out of 1500000
 7999 multiletter control sequences out of 10000+200000
 15450 words of font info for 57 fonts, out of 1200000 for 2000
 645 hyphenation exceptions out of 8191
 42i,11n,46p,430b,488s stack positions out of 5000i,500n,6000p,200000b,15000s

Output written on thesis.dvi (26 pages, 38788 bytes).
